TN:
SF:src/features/weather-layers/solar/utils.ts
FN:7,(anonymous_0)
FN:13,(anonymous_1)
FN:23,(anonymous_2)
FN:25,(anonymous_3)
FN:31,(anonymous_4)
FNF:5
FNH:5
FNDA:2006,(anonymous_0)
FNDA:8018,(anonymous_1)
FNDA:2,(anonymous_2)
FNDA:2,(anonymous_3)
FNDA:2002,(anonymous_4)
DA:3,2
DA:4,2
DA:7,2
DA:8,2006
DA:13,8018
DA:14,2006
DA:18,2
DA:23,2
DA:24,2
DA:25,2
DA:26,2
DA:30,2
DA:32,2002
DA:33,2002
LF:14
LH:14
BRDA:14,0,0,2006
BRDA:14,0,1,8
BRF:2
BRH:2
end_of_record
TN:
SF:src/testing/setupTests.ts
FN:7,(anonymous_0)
FN:16,(anonymous_1)
FN:17,matchQuery
FN:27,(anonymous_3)
FN:30,(anonymous_4)
FN:37,(anonymous_5)
FN:50,(anonymous_6)
FN:54,(anonymous_7)
FN:63,(anonymous_8)
FN:67,(anonymous_9)
FN:71,(anonymous_10)
FNF:11
FNH:5
FNDA:2,(anonymous_0)
FNDA:0,(anonymous_1)
FNDA:0,matchQuery
FNDA:0,(anonymous_3)
FNDA:0,(anonymous_4)
FNDA:0,(anonymous_5)
FNDA:0,(anonymous_6)
FNDA:12,(anonymous_7)
FNDA:12,(anonymous_8)
FNDA:12,(anonymous_9)
FNDA:2,(anonymous_10)
DA:7,2
DA:8,2
DA:10,2
DA:14,2
DA:18,0
DA:24,0
DA:25,0
DA:28,0
DA:31,0
DA:32,0
DA:33,0
DA:37,0
DA:38,0
DA:39,0
DA:40,0
DA:41,0
DA:45,0
DA:48,2
DA:52,2
DA:55,12
DA:63,2
DA:64,12
DA:67,2
DA:68,12
DA:71,2
DA:72,2
LF:26
LH:13
BRDA:32,0,0,0
BRDA:39,1,0,0
BRF:2
BRH:0
end_of_record
TN:
SF:src/testing/testUtils.tsx
FN:21,renderWithProviders
FN:26,(anonymous_1)
FNF:2
FNH:0
FNDA:0,renderWithProviders
FNDA:0,(anonymous_1)
DA:6,2
DA:15,2
DA:16,2
DA:18,2
DA:19,2
DA:25,0
DA:27,0
LF:7
LH:5
BRDA:23,0,0,0
BRDA:28,1,0,0
BRDA:28,1,1,0
BRF:3
BRH:0
end_of_record
TN:
SF:src/testing/mocks/handlers.ts
FN:5,(anonymous_0)
FNF:1
FNH:0
FNDA:0,(anonymous_0)
DA:4,2
DA:6,0
LF:2
LH:1
BRF:0
BRH:0
end_of_record
TN:
SF:src/testing/mocks/server.ts
FNF:0
FNH:0
DA:4,2
LF:1
LH:1
BRF:0
BRH:0
end_of_record
